# JRE version: OpenJDK Runtime Environment (8.0_222-b10) (build 1.8.0_222-b10)
# Java VM: OpenJDK 64-Bit Server VM (25.222-b10 mixed mode windows-amd64 compressed oops)
Heap:
 PSYoungGen      total 594432K, used 33465K [0x00000000d5580000, 0x00000000fff80000, 0x0000000100000000)
  eden space 489984K, 6% used [0x00000000d5580000,0x00000000d762e578,0x00000000f3400000)
  from space 104448K, 0% used [0x00000000f3400000,0x00000000f3400000,0x00000000f9a00000)
  to   space 100352K, 0% used [0x00000000f9d80000,0x00000000f9d80000,0x00000000fff80000)
 ParOldGen       total 1398272K, used 856169K [0x0000000080000000, 0x00000000d5580000, 0x00000000d5580000)
  object space 1398272K, 61% used [0x0000000080000000,0x00000000b441a6b8,0x00000000d5580000)
 Metaspace       used 611652K, capacity 760795K, committed 761340K, reserved 1689600K
  class space    used 99307K, capacity 120200K, committed 120360K, reserved 1048576K
GC Heap History (10 events):
Event: 1890.010 GC heap before
{Heap before GC invocations=67 (full 7):
 PSYoungGen      total 594432K, used 546141K [0x00000000d5580000, 0x0000000100000000, 0x0000000100000000)
  eden space 489984K, 100% used [0x00000000d5580000,0x00000000f3400000,0x00000000f3400000)
  from space 104448K, 53% used [0x00000000f3400000,0x00000000f6ad75a0,0x00000000f9a00000)
  to   space 102400K, 0% used [0x00000000f9c00000,0x00000000f9c00000,0x0000000100000000)
 ParOldGen       total 1398272K, used 931881K [0x0000000080000000, 0x00000000d5580000, 0x00000000d5580000)
  object space 1398272K, 66% used [0x0000000080000000,0x00000000b8e0a6a0,0x00000000d5580000)
 Metaspace       used 572820K, capacity 717275K, committed 717352K, reserved 1654784K
  class space    used 92201K, capacity 112351K, committed 112424K, reserved 1048576K
Event: 1890.035 GC heap after
Heap after GC invocations=67 (full 7):
 PSYoungGen      total 583168K, used 43270K [0x00000000d5580000, 0x00000000ff500000, 0x0000000100000000)
  eden space 492032K, 0% used [0x00000000d5580000,0x00000000d5580000,0x00000000f3600000)
  from space 91136K, 47% used [0x00000000f9c00000,0x00000000fc6419f0,0x00000000ff500000)
  to   space 97792K, 0% used [0x00000000f3600000,0x00000000f3600000,0x00000000f9580000)
 ParOldGen       total 1398272K, used 965115K [0x0000000080000000, 0x00000000d5580000, 0x00000000d5580000)
  object space 1398272K, 69% used [0x0000000080000000,0x00000000bae7edf8,0x00000000d5580000)
 Metaspace       used 572820K, capacity 717275K, committed 717352K, reserved 1654784K
  class space    used 92201K, capacity 112351K, committed 112424K, reserved 1048576K
}
Event: 2275.719 GC heap before
{Heap before GC invocations=68 (full 7):
 PSYoungGen      total 583168K, used 535302K [0x00000000d5580000, 0x00000000ff500000, 0x0000000100000000)
  eden space 492032K, 100% used [0x00000000d5580000,0x00000000f3600000,0x00000000f3600000)
  from space 91136K, 47% used [0x00000000f9c00000,0x00000000fc6419f0,0x00000000ff500000)
  to   space 97792K, 0% used [0x00000000f3600000,0x00000000f3600000,0x00000000f9580000)
 ParOldGen       total 1398272K, used 965115K [0x0000000080000000, 0x00000000d5580000, 0x00000000d5580000)
  object space 1398272K, 69% used [0x0000000080000000,0x00000000bae7edf8,0x00000000d5580000)
 Metaspace       used 586697K, capacity 733979K, committed 734376K, reserved 1669120K
  class space    used 94702K, capacity 115257K, committed 115368K, reserved 1048576K
Event: 2275.745 GC heap after
Heap after GC invocations=68 (full 7):
 PSYoungGen      total 589824K, used 25354K [0x00000000d5580000, 0x0000000100000000, 0x0000000100000000)
  eden space 492032K, 0% used [0x00000000d5580000,0x00000000d5580000,0x00000000f3600000)
  from space 97792K, 25% used [0x00000000f3600000,0x00000000f4ec2ab0,0x00000000f9580000)
  to   space 96768K, 0% used [0x00000000fa180000,0x00000000fa180000,0x0000000100000000)
 ParOldGen       total 1398272K, used 1002309K [0x0000000080000000, 0x00000000d5580000, 0x00000000d5580000)
  object space 1398272K, 71% used [0x0000000080000000,0x00000000bd2d1558,0x00000000d5580000)
 Metaspace       used 586697K, capacity 733979K, committed 734376K, reserved 1669120K
  class space    used 94702K, capacity 115257K, committed 115368K, reserved 1048576K
}
Event: 2279.167 GC heap before
{Heap before GC invocations=69 (full 7):
 PSYoungGen      total 589824K, used 517386K [0x00000000d5580000, 0x0000000100000000, 0x0000000100000000)
  eden space 492032K, 100% used [0x00000000d5580000,0x00000000f3600000,0x00000000f3600000)
  from space 97792K, 25% used [0x00000000f3600000,0x00000000f4ec2ab0,0x00000000f9580000)
  to   space 96768K, 0% used [0x00000000fa180000,0x00000000fa180000,0x0000000100000000)
 ParOldGen       total 1398272K, used 1002309K [0x0000000080000000, 0x00000000d5580000, 0x00000000d5580000)
  object space 1398272K, 71% used [0x0000000080000000,0x00000000bd2d1558,0x00000000d5580000)
 Metaspace       used 606000K, capacity 754817K, committed 754984K, reserved 1685504K
  class space    used 98214K, capacity 119075K, committed 119080K, reserved 1048576K
Event: 2279.206 GC heap after
Heap after GC invocations=69 (full 7):
 PSYoungGen      total 586752K, used 80325K [0x00000000d5580000, 0x0000000100000000, 0x0000000100000000)
  eden space 489984K, 0% used [0x00000000d5580000,0x00000000d5580000,0x00000000f3400000)
  from space 96768K, 83% used [0x00000000fa180000,0x00000000feff16c8,0x0000000100000000)
  to   space 104448K, 0% used [0x00000000f3400000,0x00000000f3400000,0x00000000f9a00000)
 ParOldGen       total 1398272K, used 1019345K [0x0000000080000000, 0x00000000d5580000, 0x00000000d5580000)
  object space 1398272K, 72% used [0x0000000080000000,0x00000000be374408,0x00000000d5580000)
 Metaspace       used 606000K, capacity 754817K, committed 754984K, reserved 1685504K
  class space    used 98214K, capacity 119075K, committed 119080K, reserved 1048576K
}
Event: 2280.626 GC heap before
{Heap before GC invocations=70 (full 7):
 PSYoungGen      total 586752K, used 378052K [0x00000000d5580000, 0x0000000100000000, 0x0000000100000000)
  eden space 489984K, 60% used [0x00000000d5580000,0x00000000e783fa40,0x00000000f3400000)
  from space 96768K, 83% used [0x00000000fa180000,0x00000000feff16c8,0x0000000100000000)
  to   space 104448K, 0% used [0x00000000f3400000,0x00000000f3400000,0x00000000f9a00000)
 ParOldGen       total 1398272K, used 1019345K [0x0000000080000000, 0x00000000d5580000, 0x00000000d5580000)
  object space 1398272K, 72% used [0x0000000080000000,0x00000000be374408,0x00000000d5580000)
 Metaspace       used 611470K, capacity 760705K, committed 760828K, reserved 1689600K
  class space    used 99356K, capacity 120272K, committed 120360K, reserved 1048576K
Event: 2280.654 GC heap after
Heap after GC invocations=70 (full 7):
 PSYoungGen      total 594432K, used 39372K [0x00000000d5580000, 0x00000000fff80000, 0x0000000100000000)
  eden space 489984K, 0% used [0x00000000d5580000,0x00000000d5580000,0x00000000f3400000)
  from space 104448K, 37% used [0x00000000f3400000,0x00000000f5a73280,0x00000000f9a00000)
  to   space 100352K, 0% used [0x00000000f9d80000,0x00000000f9d80000,0x00000000fff80000)
 ParOldGen       total 1398272K, used 1045750K [0x0000000080000000, 0x00000000d5580000, 0x00000000d5580000)
  object space 1398272K, 74% used [0x0000000080000000,0x00000000bfd3da90,0x00000000d5580000)
 Metaspace       used 611470K, capacity 760705K, committed 760828K, reserved 1689600K
  class space    used 99356K, capacity 120272K, committed 120360K, reserved 1048576K
}
Event: 2280.654 GC heap before
{Heap before GC invocations=71 (full 8):
 PSYoungGen      total 594432K, used 39372K [0x00000000d5580000, 0x00000000fff80000, 0x0000000100000000)
  eden space 489984K, 0% used [0x00000000d5580000,0x00000000d5580000,0x00000000f3400000)
  from space 104448K, 37% used [0x00000000f3400000,0x00000000f5a73280,0x00000000f9a00000)
  to   space 100352K, 0% used [0x00000000f9d80000,0x00000000f9d80000,0x00000000fff80000)
 ParOldGen       total 1398272K, used 1045750K [0x0000000080000000, 0x00000000d5580000, 0x00000000d5580000)
  object space 1398272K, 74% used [0x0000000080000000,0x00000000bfd3da90,0x00000000d5580000)
 Metaspace       used 611470K, capacity 760705K, committed 760828K, reserved 1689600K
  class space    used 99356K, capacity 120272K, committed 120360K, reserved 1048576K
Event: 2281.801 GC heap after
Heap after GC invocations=71 (full 8):
 PSYoungGen      total 594432K, used 0K [0x00000000d5580000, 0x00000000fff80000, 0x0000000100000000)
  eden space 489984K, 0% used [0x00000000d5580000,0x00000000d5580000,0x00000000f3400000)
  from space 104448K, 0% used [0x00000000f3400000,0x00000000f3400000,0x00000000f9a00000)
  to   space 100352K, 0% used [0x00000000f9d80000,0x00000000f9d80000,0x00000000fff80000)
 ParOldGen       total 1398272K, used 856169K [0x0000000080000000, 0x00000000d5580000, 0x00000000d5580000)
  object space 1398272K, 61% used [0x0000000080000000,0x00000000b441a6b8,0x00000000d5580000)
 Metaspace       used 611117K, capacity 760147K, committed 760828K, reserved 1689600K
  class space    used 99289K, capacity 120160K, committed 120360K, reserved 1048576K
}

